<?xml version="1.0" encoding="UTF-8"?>
<testsuite xmlns:xsi="http://www.w3.org/2001/XMLSchema-instance" xsi:noNamespaceSchemaLocation="https://maven.apache.org/surefire/maven-surefire-plugin/xsd/surefire-test-report.xsd" version="3.0.2" name="za.co.agrinexus.shared.web.SystemStatusControllerTest" time="2.224" tests="2" errors="0" skipped="0" failures="0" flakes="0">
  <properties>
[...]
</properties>
  <testcase name="statusIsAvailableWithoutAuthentication" classname="za.co.agrinexus.shared.web.SystemStatusControllerTest" time="0.13">
    <system-out><![CDATA[12:04:28.011 [main] INFO org.springframework.test.context.support.AnnotationConfigContextLoaderUtils -- Could not detect default configuration classes for test class [za.co.agrinexus.shared.web.SystemStatusControllerTest]: SystemStatusControllerTest does not declare any static, non-private, non-final, nested classes annotated with @Configuration.
12:04:28.143 [main] INFO org.springframework.boot.test.context.SpringBootTestContextBootstrapper -- Found @SpringBootConfiguration za.co.agrinexus.AgriNexusApplication for test class za.co.agrinexus.shared.web.SystemStatusControllerTest

  .   ____          _            __ _ _
 /\\ / ___'_ __ _ _(_)_ __  __ _ \ \ \ \
( ( )\___ | '_ | '_| | '_ \/ _` | \ \ \ \
 \\/  ___)| |_)| | | | | || (_| |  ) ) ) )
  '  |____| .__|_| |_|_| |_\__, | / / / /
 =========|_|==============|___/=/_/_/_/

 :: Spring Boot ::               (v3.5.16)

2026-09-01T12:04:28.422+02:00  INFO 135469 --- [agrinexus-api] [           main] z.c.a.s.web.SystemStatusControllerTest   : Starting SystemStatusControllerTest using Java 25.0.2 with PID 135469 (started by wtc in /home/wtc/Documents/Makoya/AgriNexus/backend)
2026-09-01T12:04:28.424+02:00  INFO 135469 --- [agrinexus-api] [           main] z.c.a.s.web.SystemStatusControllerTest   : No active profile set, falling back to 1 default profile: "default"
2026-09-01T12:04:29.596+02:00  INFO 135469 --- [agrinexus-api] [           main] r$InitializeUserDetailsManagerConfigurer : Global AuthenticationManager configured with UserDetailsService bean with name userDetailsService
2026-09-01T12:04:29.960+02:00  INFO 135469 --- [agrinexus-api] [           main] o.s.b.t.m.w.SpringBootMockServletContext : Initializing Spring TestDispatcherServlet ''
2026-09-01T12:04:29.961+02:00  INFO 135469 --- [agrinexus-api] [           main] o.s.t.web.servlet.TestDispatcherServlet  : Initializing Servlet ''
2026-09-01T12:04:29.962+02:00  INFO 135469 --- [agrinexus-api] [           main] o.s.t.web.servlet.TestDispatcherServlet  : Completed initialization in 1 ms
2026-09-01T12:04:29.995+02:00  INFO 135469 --- [agrinexus-api] [           main] z.c.a.s.web.SystemStatusControllerTest   : Started SystemStatusControllerTest in 1.806 seconds (process running for 2.455)
]]></system-out>
    <system-err><![CDATA[Mockito is currently self-attaching to enable the inline-mock-maker. This will no longer work in future releases of the JDK. Please add Mockito as an agent to your build as described in Mockito's documentation: https://javadoc.io/doc/org.mockito/mockito-core/latest/org.mockito/org/mockito/Mockito.html#0.3
WARNING: A Java agent has been loaded dynamically (/tmp/agrinexus-m2/net/bytebuddy/byte-buddy-agent/1.17.8/byte-buddy-agent-1.17.8.jar)
WARNING: If a serviceability tool is in use, please run with -XX:+EnableDynamicAgentLoading to hide this warning
WARNING: If a serviceability tool is not in use, please run with -Djdk.instrument.traceUsage for more information
WARNING: Dynamic loading of agents will be disallowed by default in a future release
]]></system-err>
  </testcase>
  <testcase name="unknownApiRouteRequiresAuthentication" classname="za.co.agrinexus.shared.web.SystemStatusControllerTest" time="0.009"/>
</testsuite>